<?xml version="1.0" encoding="UTF-8"?>
<!-- Generated by org.testng.reporters.JUnitXMLReporter -->
<testsuite ignored="2" hostname="RAVI" failures="0" tests="0" name="Test" time="0.39" errors="0" timestamp="2023-03-29T20:54:09 IST">
  <testcase classname="testCases.TC_001_Text_Box" name="Text_Box" time="0.0">
    <ignored/>
  </testcase> <!-- Text_Box -->
  <testcase classname="testCases.TC_002_Check_Box" name="Check_Box" time="0.0">
    <ignored/>
  </testcase> <!-- Check_Box -->
</testsuite> <!-- Test -->
